<?xml version="1.0" encoding="UTF-8"?>
<!-- Generated by org.testng.reporters.JUnitReportReporter -->
<testsuite hostname="QT-INBG-LT0275" failures="0" tests="4" name="Test.Homepage" time="66.348" errors="0" timestamp="2022-09-19T12:54:58 IST" skipped="0">
  <testcase classname="Test.Homepage" name="brandlenovo" time="20.913"/>
  <system-out/>
  <testcase classname="Test.Homepage" name="brandapple" time="20.650"/>
  <system-out/>
  <testcase classname="Test.Homepage" name="support" time="9.872"/>
  <system-out/>
  <testcase classname="Test.Homepage" name="brand1" time="14.913"/>
  <system-out/>
</testsuite> <!-- Test.Homepage -->
